Crashlog created at 2017-01-14 16:54:25 +0530

===== MESSAGE:

Nanoc::Errors::UnknownLayout: The site does not have a layout with identifier “/_present_section/”.

===== COMPILATION STACK:

  - [item]   /2015-04/ (rep default)

===== STACK TRACE:

  0. /Users/kreddy/.rvm/gems/ruby-2.3.0/gems/nanoc-3.6.5/lib/nanoc/helpers/rendering.rb:83:in `render'
  1. layout /default/:43:in `block in get_binding'
  2. /Users/kreddy/.rvm/gems/ruby-2.3.0/gems/nanoc-3.6.5/lib/nanoc/helpers/capturing.rb:157:in `capture'
  3. /Users/kreddy/.rvm/gems/ruby-2.3.0/gems/nanoc-3.6.5/lib/nanoc/helpers/rendering.rb:90:in `render'
  4. layout /default/:1:in `get_binding'
  5. /Users/kreddy/.rvm/rubies/ruby-2.3.0/lib/ruby/2.3.0/erb.rb:864:in `eval'
  6. /Users/kreddy/.rvm/rubies/ruby-2.3.0/lib/ruby/2.3.0/erb.rb:864:in `result'
  7. /Users/kreddy/.rvm/gems/ruby-2.3.0/gems/nanoc-3.6.5/lib/nanoc/filters/erb.rb:34:in `run'
  8. /Users/kreddy/.rvm/gems/ruby-2.3.0/gems/nanoc-3.6.5/lib/nanoc/base/compilation/filter.rb:122:in `setup_and_run'
  9. /Users/kreddy/.rvm/gems/ruby-2.3.0/gems/nanoc-3.6.5/lib/nanoc/base/result_data/item_rep.rb:409:in `layout'
  10. /Users/kreddy/.rvm/gems/ruby-2.3.0/gems/nanoc-3.6.5/lib/nanoc/base/compilation/item_rep_proxy.rb:69:in `layout'
  11. /Users/kreddy/.rvm/gems/ruby-2.3.0/gems/nanoc-3.6.5/lib/nanoc/base/compilation/rule_context.rb:68:in `layout'
  12. ./Rules:28:in `block in load'
  13. /Users/kreddy/.rvm/gems/ruby-2.3.0/gems/nanoc-3.6.5/lib/nanoc/base/compilation/rule.rb:68:in `instance_eval'
  14. /Users/kreddy/.rvm/gems/ruby-2.3.0/gems/nanoc-3.6.5/lib/nanoc/base/compilation/rule.rb:68:in `apply_to'
  15. /Users/kreddy/.rvm/gems/ruby-2.3.0/gems/nanoc-3.6.5/lib/nanoc/base/compilation/compiler.rb:384:in `compile_rep'
  16. /Users/kreddy/.rvm/gems/ruby-2.3.0/gems/nanoc-3.6.5/lib/nanoc/base/compilation/compiler.rb:340:in `block in compile_reps'
  17. /Users/kreddy/.rvm/gems/ruby-2.3.0/gems/nanoc-3.6.5/lib/nanoc/base/compilation/compiler.rb:333:in `loop'
  18. /Users/kreddy/.rvm/gems/ruby-2.3.0/gems/nanoc-3.6.5/lib/nanoc/base/compilation/compiler.rb:333:in `compile_reps'
  19. /Users/kreddy/.rvm/gems/ruby-2.3.0/gems/nanoc-3.6.5/lib/nanoc/base/compilation/compiler.rb:89:in `run'
  20. /Users/kreddy/.rvm/gems/ruby-2.3.0/gems/nanoc-3.6.5/lib/nanoc/base/source_data/site.rb:58:in `compile'
  21. /Users/kreddy/.rvm/gems/ruby-2.3.0/gems/nanoc-3.6.5/lib/nanoc/cli/commands/compile.rb:363:in `block in run'
  22. /Users/kreddy/.rvm/gems/ruby-2.3.0/gems/nanoc-3.6.5/lib/nanoc/cli/commands/compile.rb:404:in `run_listeners_while'
  23. /Users/kreddy/.rvm/gems/ruby-2.3.0/gems/nanoc-3.6.5/lib/nanoc/cli/commands/compile.rb:362:in `run'
  24. /Users/kreddy/.rvm/gems/ruby-2.3.0/gems/nanoc-3.6.5/lib/nanoc/cli/command_runner.rb:14:in `block in call'
  25. /Users/kreddy/.rvm/gems/ruby-2.3.0/gems/nanoc-3.6.5/lib/nanoc/cli/error_handler.rb:70:in `handle_while'
  26. /Users/kreddy/.rvm/gems/ruby-2.3.0/gems/nanoc-3.6.5/lib/nanoc/cli/error_handler.rb:26:in `handle_while'
  27. /Users/kreddy/.rvm/gems/ruby-2.3.0/gems/nanoc-3.6.5/lib/nanoc/cli/command_runner.rb:13:in `call'
  28. /Users/kreddy/.rvm/gems/ruby-2.3.0/gems/cri-2.4.0/lib/cri/command_dsl.rb:185:in `block in runner'
  29. /Users/kreddy/.rvm/gems/ruby-2.3.0/gems/cri-2.4.0/lib/cri/command.rb:296:in `run_this'
  30. /Users/kreddy/.rvm/gems/ruby-2.3.0/gems/cri-2.4.0/lib/cri/command.rb:249:in `run'
  31. /Users/kreddy/.rvm/gems/ruby-2.3.0/gems/nanoc-3.6.5/lib/nanoc/cli/commands/nanoc.rb:39:in `block in define'
  32. /Users/kreddy/.rvm/gems/ruby-2.3.0/gems/cri-2.4.0/lib/cri/command.rb:296:in `run_this'
  33. /Users/kreddy/.rvm/gems/ruby-2.3.0/gems/cri-2.4.0/lib/cri/command.rb:249:in `run'
  34. /Users/kreddy/.rvm/gems/ruby-2.3.0/gems/nanoc-3.6.5/lib/nanoc/cli.rb:52:in `block in run'
  35. /Users/kreddy/.rvm/gems/ruby-2.3.0/gems/nanoc-3.6.5/lib/nanoc/cli/error_handler.rb:70:in `handle_while'
  36. /Users/kreddy/.rvm/gems/ruby-2.3.0/gems/nanoc-3.6.5/lib/nanoc/cli/error_handler.rb:26:in `handle_while'
  37. /Users/kreddy/.rvm/gems/ruby-2.3.0/gems/nanoc-3.6.5/lib/nanoc/cli.rb:50:in `run'
  38. /Users/kreddy/.rvm/gems/ruby-2.3.0/gems/nanoc-3.6.5/bin/nanoc:19:in `<top (required)>'
  39. /Users/kreddy/.rvm/gems/ruby-2.3.0/bin/nanoc:23:in `load'
  40. /Users/kreddy/.rvm/gems/ruby-2.3.0/bin/nanoc:23:in `<main>'
  41. /Users/kreddy/.rvm/gems/ruby-2.3.0/bin/ruby_executable_hooks:15:in `eval'
  ... 44 more lines omitted. See full crash log for details.

===== VERSION INFORMATION:

nanoc 3.6.5 © 2007-2013 Denis Defreyne.
Running ruby 2.3.0 (2015-12-25) on x86_64-darwin16 with RubyGems 2.5.1.

===== SYSTEM INFORMATION:

Darwin inksreddy.local 16.3.0 Darwin Kernel Version 16.3.0: Thu Nov 17 20:23:58 PST 2016; root:xnu-3789.31.2~1/RELEASE_X86_64 x86_64

===== INSTALLED GEMS:

  activesupport 4.0.0
  adsf 1.1.1
  atomic 1.1.14
  bourbon 3.2.3
  bundler 1.13.6
  coderay 1.0.9
  colored 1.2
  cri 2.4.0
  ffi 1.9.0
  formatador 0.2.4
  guard 1.8.3
  guard-nanoc 1.0.1
  i18n 0.6.5
  listen 1.3.1
  lumberjack 1.0.4
  method_source 0.8.2
  minitest 4.7.5
  multi_json 1.8.1
  nanoc 3.6.5
  pry 0.9.12.2
  rack 1.5.2
  rb-fsevent 0.9.3
  rb-inotify 0.9.2
  rb-kqueue 0.2.0
  sass 3.2.12
  slop 3.4.6
  terminal-notifier-guard 1.5.3
  thor 0.18.1
  thread_safe 0.1.3
  tzinfo 0.3.38

===== ENVIRONMENT:

Apple_PubSub_Socket_Render => "/private/tmp/com.apple.launchd.EUmkRb5enM/Render"
BUNDLER_ORIG_GEM_PATH => "/Users/kreddy/.rvm/gems/ruby-2.3.0:/Users/kreddy/.rvm/gems/ruby-2.3.0@global"
BUNDLER_ORIG_PATH => "/Users/kreddy/.rvm/gems/ruby-2.3.0/bin:/Users/kreddy/.rvm/gems/ruby-2.3.0@global/bin:/Users/kreddy/.rvm/rubies/ruby-2.3.0/bin:/usr/local/bin:/usr/bin:/bin:/usr/sbin:/sbin:/Users/kreddy/.rvm/bin"
BUNDLER_VERSION => "1.13.6"
BUNDLE_BIN_PATH => "/Users/kreddy/.rvm/gems/ruby-2.3.0/gems/bundler-1.13.6/exe/bundle"
BUNDLE_GEMFILE => "/Users/kreddy/work/dalavaikashi/testsite/Gemfile"
GEM_HOME => "/Users/kreddy/.rvm/gems/ruby-2.3.0"
GEM_PATH => "/Users/kreddy/.rvm/gems/ruby-2.3.0:/Users/kreddy/.rvm/gems/ruby-2.3.0@global"
HOME => "/Users/kreddy"
IRBRC => "/Users/kreddy/.rvm/rubies/ruby-2.3.0/.irbrc"
LANG => "en_US.UTF-8"
LOGNAME => "kreddy"
MY_RUBY_HOME => "/Users/kreddy/.rvm/rubies/ruby-2.3.0"
OLDPWD => "/Users/kreddy/work"
PATH => "/Users/kreddy/.rvm/gems/ruby-2.3.0/bin:/Users/kreddy/.rvm/gems/ruby-2.3.0@global/bin:/Users/kreddy/.rvm/rubies/ruby-2.3.0/bin:/usr/local/bin:/usr/bin:/bin:/usr/sbin:/sbin:/Users/kreddy/.rvm/bin"
PWD => "/Users/kreddy/work/dalavaikashi/testsite"
RUBYLIB => "/Users/kreddy/.rvm/gems/ruby-2.3.0/gems/bundler-1.13.6/lib"
RUBYOPT => "-rbundler/setup"
RUBY_VERSION => "ruby-2.3.0"
SHELL => "/bin/bash"
SHLVL => "1"
SSH_AUTH_SOCK => "/private/tmp/com.apple.launchd.dGfus3XJug/Listeners"
TERM => "xterm-256color"
TERM_PROGRAM => "Apple_Terminal"
TERM_PROGRAM_VERSION => "388"
TERM_SESSION_ID => "C7AB1499-8C88-4FAD-A346-870D4DFDE6C5"
TMPDIR => "/var/folders/l4/mwmvk0k506bf_ch38s70p97c0000gn/T/"
USER => "kreddy"
XPC_FLAGS => "0x0"
XPC_SERVICE_NAME => "0"
_ => "/Users/kreddy/.rvm/gems/ruby-2.3.0/bin/nanoc"
__CF_USER_TEXT_ENCODING => "0x1F5:0x0:0x0"
_system_arch => "x86_64"
_system_name => "OSX"
_system_type => "Darwin"
_system_version => "10.12"
rvm_bin_path => "/Users/kreddy/.rvm/bin"
rvm_path => "/Users/kreddy/.rvm"
rvm_prefix => "/Users/kreddy"
rvm_version => "1.27.0 (latest)"

===== GEMFILE.LOCK:

GEM
  remote: https://rubygems.org/
  specs:
    activesupport (4.0.0)
      i18n (~> 0.6, >= 0.6.4)
      minitest (~> 4.2)
      multi_json (~> 1.3)
      thread_safe (~> 0.1)
      tzinfo (~> 0.3.37)
    adsf (1.1.1)
      rack (>= 1.0.0)
    atomic (1.1.14)
    bourbon (3.2.3)
      sass (~> 3.2)
      thor
    coderay (1.0.9)
    colored (1.2)
    cri (2.4.0)
      colored (>= 1.2)
    ffi (1.9.0)
    formatador (0.2.4)
    guard (1.8.3)
      formatador (>= 0.2.4)
      listen (~> 1.3)
      lumberjack (>= 1.0.2)
      pry (>= 0.9.10)
      thor (>= 0.14.6)
    guard-nanoc (1.0.1)
      guard (>= 1.8.0)
      nanoc (>= 3.6.3)
    i18n (0.6.5)
    listen (1.3.1)
      rb-fsevent (>= 0.9.3)
      rb-inotify (>= 0.9)
      rb-kqueue (>= 0.2)
    lumberjack (1.0.4)
    method_source (0.8.2)
    minitest (4.7.5)
    multi_json (1.8.1)
    nanoc (3.6.5)
      cri (~> 2.3)
    pry (0.9.12.2)
      coderay (~> 1.0.5)
      method_source (~> 0.8)
      slop (~> 3.4)
    rack (1.5.2)
    rb-fsevent (0.9.3)
    rb-inotify (0.9.2)
      ffi (>= 0.5.0)
    rb-kqueue (0.2.0)
      ffi (>= 0.5.0)
    sass (3.2.12)
    slop (3.4.6)
    terminal-notifier-guard (1.5.3)
    thor (0.18.1)
    thread_safe (0.1.3)
      atomic
    tzinfo (0.3.38)

PLATFORMS
  ruby

DEPENDENCIES
  activesupport (~> 4.0.0)
  adsf (~> 1.1.1)
  bourbon (~> 3.2.3)
  guard-nanoc (~> 1.0.0)
  listen (~> 1.3.1)
  multi_json (~> 1.8.0)
  nanoc (~> 3.6.5)
  sass (~> 3.2.12)
  terminal-notifier-guard (~> 1.5.3)

BUNDLED WITH
   1.10.1

===== LOAD PATHS:

  0. /Users/kreddy/.rvm/gems/ruby-2.3.0/gems/nanoc-3.6.5/lib
  1. /Users/kreddy/.rvm/gems/ruby-2.3.0/gems/bundler-1.13.6/lib
  2. /Users/kreddy/.rvm/gems/ruby-2.3.0/gems/terminal-notifier-guard-1.5.3/lib
  3. /Users/kreddy/.rvm/gems/ruby-2.3.0/gems/guard-nanoc-1.0.1/lib
  4. /Users/kreddy/.rvm/gems/ruby-2.3.0/gems/nanoc-3.6.5/lib
  5. /Users/kreddy/.rvm/gems/ruby-2.3.0/gems/guard-1.8.3/lib
  6. /Users/kreddy/.rvm/gems/ruby-2.3.0/gems/pry-0.9.12.2/lib
  7. /Users/kreddy/.rvm/gems/ruby-2.3.0/gems/slop-3.4.6/lib
  8. /Users/kreddy/.rvm/gems/ruby-2.3.0/gems/method_source-0.8.2/lib
  9. /Users/kreddy/.rvm/gems/ruby-2.3.0/gems/lumberjack-1.0.4/lib
  10. /Users/kreddy/.rvm/gems/ruby-2.3.0/gems/listen-1.3.1/lib
  11. /Users/kreddy/.rvm/gems/ruby-2.3.0/gems/rb-kqueue-0.2.0/lib
  12. /Users/kreddy/.rvm/gems/ruby-2.3.0/gems/rb-inotify-0.9.2/lib
  13. /Users/kreddy/.rvm/gems/ruby-2.3.0/gems/rb-fsevent-0.9.3/lib
  14. /Users/kreddy/.rvm/gems/ruby-2.3.0/gems/formatador-0.2.4/lib
  15. /Users/kreddy/.rvm/gems/ruby-2.3.0/gems/ffi-1.9.0/lib
  16. /Users/kreddy/.rvm/gems/ruby-2.3.0/gems/ffi-1.9.0/ext/ffi_c
  17. /Users/kreddy/.rvm/gems/ruby-2.3.0/extensions/x86_64-darwin-16/2.3.0/ffi-1.9.0
  18. /Users/kreddy/.rvm/gems/ruby-2.3.0/gems/cri-2.4.0/lib
  19. /Users/kreddy/.rvm/gems/ruby-2.3.0/gems/colored-1.2/lib
  20. /Users/kreddy/.rvm/gems/ruby-2.3.0/gems/coderay-1.0.9/lib
  21. /Users/kreddy/.rvm/gems/ruby-2.3.0/gems/bourbon-3.2.3/lib
  22. /Users/kreddy/.rvm/gems/ruby-2.3.0/gems/thor-0.18.1/lib
  23. /Users/kreddy/.rvm/gems/ruby-2.3.0/gems/sass-3.2.12/lib
  24. /Users/kreddy/.rvm/gems/ruby-2.3.0/gems/adsf-1.1.1/lib
  25. /Users/kreddy/.rvm/gems/ruby-2.3.0/gems/rack-1.5.2/lib
  26. /Users/kreddy/.rvm/gems/ruby-2.3.0/gems/activesupport-4.0.0/lib
  27. /Users/kreddy/.rvm/gems/ruby-2.3.0/gems/tzinfo-0.3.38/lib
  28. /Users/kreddy/.rvm/gems/ruby-2.3.0/gems/thread_safe-0.1.3/lib
  29. /Users/kreddy/.rvm/gems/ruby-2.3.0/gems/atomic-1.1.14/lib
  30. /Users/kreddy/.rvm/gems/ruby-2.3.0/extensions/x86_64-darwin-16/2.3.0/atomic-1.1.14
  31. /Users/kreddy/.rvm/gems/ruby-2.3.0/gems/multi_json-1.8.1/lib
  32. /Users/kreddy/.rvm/gems/ruby-2.3.0/gems/minitest-4.7.5/lib
  33. /Users/kreddy/.rvm/gems/ruby-2.3.0/gems/i18n-0.6.5/lib
  34. /Users/kreddy/.rvm/rubies/ruby-2.3.0/lib/ruby/site_ruby/2.3.0
  35. /Users/kreddy/.rvm/rubies/ruby-2.3.0/lib/ruby/site_ruby/2.3.0/x86_64-darwin16
  36. /Users/kreddy/.rvm/rubies/ruby-2.3.0/lib/ruby/site_ruby
  37. /Users/kreddy/.rvm/rubies/ruby-2.3.0/lib/ruby/vendor_ruby/2.3.0
  38. /Users/kreddy/.rvm/rubies/ruby-2.3.0/lib/ruby/vendor_ruby/2.3.0/x86_64-darwin16
  39. /Users/kreddy/.rvm/rubies/ruby-2.3.0/lib/ruby/vendor_ruby
  40. /Users/kreddy/.rvm/rubies/ruby-2.3.0/lib/ruby/2.3.0
  41. /Users/kreddy/.rvm/rubies/ruby-2.3.0/lib/ruby/2.3.0/x86_64-darwin16
